# JRE version: Java(TM) SE Runtime Environment (8.0_191-b12) (build 1.8.0_191-b12)
# Java VM: Java HotSpot(TM) 64-Bit Server VM (25.191-b12 mixed mode windows-amd64 compressed oops)
Heap:
 PSYoungGen      total 255488K, used 187600K [0x00000000d5f00000, 0x00000000e9b80000, 0x0000000100000000)
  eden space 222208K, 69% used [0x00000000d5f00000,0x00000000df5b9298,0x00000000e3800000)
  from space 33280K, 99% used [0x00000000e5e80000,0x00000000e7efae58,0x00000000e7f00000)
  to   space 39424K, 0% used [0x00000000e3800000,0x00000000e3800000,0x00000000e5e80000)
 ParOldGen       total 143872K, used 49165K [0x0000000081c00000, 0x000000008a880000, 0x00000000d5f00000)
  object space 143872K, 34% used [0x0000000081c00000,0x0000000084c03468,0x000000008a880000)
 Metaspace       used 60230K, capacity 62120K, committed 62232K, reserved 1103872K
  class space    used 7875K, capacity 8235K, committed 8240K, reserved 1048576K
GC Heap History (10 events):
Event: 8.422 GC heap before
{Heap before GC invocations=13 (full 3):
 PSYoungGen      total 172544K, used 11118K [0x00000000d5f00000, 0x00000000e2080000, 0x0000000100000000)
  eden space 157184K, 0% used [0x00000000d5f00000,0x00000000d5f00000,0x00000000df880000)
  from space 15360K, 72% used [0x00000000e0800000,0x00000000e12dba58,0x00000000e1700000)
  to   space 15872K, 0% used [0x00000000df880000,0x00000000df880000,0x00000000e0800000)
 ParOldGen       total 101376K, used 18070K [0x0000000081c00000, 0x0000000087f00000, 0x00000000d5f00000)
  object space 101376K, 17% used [0x0000000081c00000,0x0000000082da58e0,0x0000000087f00000)
 Metaspace       used 57245K, capacity 59112K, committed 59160K, reserved 1099776K
  class space    used 7641K, capacity 7969K, committed 7984K, reserved 1048576K
Event: 8.580 GC heap after
Heap after GC invocations=13 (full 3):
 PSYoungGen      total 172544K, used 0K [0x00000000d5f00000, 0x00000000e2080000, 0x0000000100000000)
  eden space 157184K, 0% used [0x00000000d5f00000,0x00000000d5f00000,0x00000000df880000)
  from space 15360K, 0% used [0x00000000e0800000,0x00000000e0800000,0x00000000e1700000)
  to   space 15872K, 0% used [0x00000000df880000,0x00000000df880000,0x00000000e0800000)
 ParOldGen       total 143872K, used 22789K [0x0000000081c00000, 0x000000008a880000, 0x00000000d5f00000)
  object space 143872K, 15% used [0x0000000081c00000,0x0000000083241680,0x000000008a880000)
 Metaspace       used 57245K, capacity 59112K, committed 59160K, reserved 1099776K
  class space    used 7641K, capacity 7969K, committed 7984K, reserved 1048576K
}
Event: 18.375 GC heap before
{Heap before GC invocations=14 (full 3):
 PSYoungGen      total 172544K, used 157184K [0x00000000d5f00000, 0x00000000e2080000, 0x0000000100000000)
  eden space 157184K, 100% used [0x00000000d5f00000,0x00000000df880000,0x00000000df880000)
  from space 15360K, 0% used [0x00000000e0800000,0x00000000e0800000,0x00000000e1700000)
  to   space 15872K, 0% used [0x00000000df880000,0x00000000df880000,0x00000000e0800000)
 ParOldGen       total 143872K, used 22789K [0x0000000081c00000, 0x000000008a880000, 0x00000000d5f00000)
  object space 143872K, 15% used [0x0000000081c00000,0x0000000083241680,0x000000008a880000)
 Metaspace       used 60005K, capacity 61928K, committed 61976K, reserved 1103872K
  class space    used 7860K, capacity 8235K, committed 8240K, reserved 1048576K
Event: 18.405 GC heap after
Heap after GC invocations=14 (full 3):
 PSYoungGen      total 173056K, used 15851K [0x00000000d5f00000, 0x00000000e3b80000, 0x0000000100000000)
  eden space 157184K, 0% used [0x00000000d5f00000,0x00000000d5f00000,0x00000000df880000)
  from space 15872K, 99% used [0x00000000df880000,0x00000000e07faec8,0x00000000e0800000)
  to   space 20992K, 0% used [0x00000000e2700000,0x00000000e2700000,0x00000000e3b80000)
 ParOldGen       total 143872K, used 31234K [0x0000000081c00000, 0x000000008a880000, 0x00000000d5f00000)
  object space 143872K, 21% used [0x0000000081c00000,0x0000000083a80bd0,0x000000008a880000)
 Metaspace       used 60005K, capacity 61928K, committed 61976K, reserved 1103872K
  class space    used 7860K, capacity 8235K, committed 8240K, reserved 1048576K
}
Event: 19.508 GC heap before
{Heap before GC invocations=15 (full 3):
 PSYoungGen      total 173056K, used 173035K [0x00000000d5f00000, 0x00000000e3b80000, 0x0000000100000000)
  eden space 157184K, 100% used [0x00000000d5f00000,0x00000000df880000,0x00000000df880000)
  from space 15872K, 99% used [0x00000000df880000,0x00000000e07faec8,0x00000000e0800000)
  to   space 20992K, 0% used [0x00000000e2700000,0x00000000e2700000,0x00000000e3b80000)
 ParOldGen       total 143872K, used 31234K [0x0000000081c00000, 0x000000008a880000, 0x00000000d5f00000)
  object space 143872K, 21% used [0x0000000081c00000,0x0000000083a80bd0,0x000000008a880000)
 Metaspace       used 60008K, capacity 61928K, committed 61976K, reserved 1103872K
  class space    used 7860K, capacity 8235K, committed 8240K, reserved 1048576K
Event: 19.549 GC heap after
Heap after GC invocations=15 (full 3):
 PSYoungGen      total 198656K, used 20971K [0x00000000d5f00000, 0x00000000e5000000, 0x0000000100000000)
  eden space 177664K, 0% used [0x00000000d5f00000,0x00000000d5f00000,0x00000000e0c80000)
  from space 20992K, 99% used [0x00000000e2700000,0x00000000e3b7aea8,0x00000000e3b80000)
  to   space 27136K, 0% used [0x00000000e0c80000,0x00000000e0c80000,0x00000000e2700000)
 ParOldGen       total 143872K, used 39859K [0x0000000081c00000, 0x000000008a880000, 0x00000000d5f00000)
  object space 143872K, 27% used [0x0000000081c00000,0x00000000842ecc30,0x000000008a880000)
 Metaspace       used 60008K, capacity 61928K, committed 61976K, reserved 1103872K
  class space    used 7860K, capacity 8235K, committed 8240K, reserved 1048576K
}
Event: 20.559 GC heap before
{Heap before GC invocations=16 (full 3):
 PSYoungGen      total 198656K, used 198635K [0x00000000d5f00000, 0x00000000e5000000, 0x0000000100000000)
  eden space 177664K, 100% used [0x00000000d5f00000,0x00000000e0c80000,0x00000000e0c80000)
  from space 20992K, 99% used [0x00000000e2700000,0x00000000e3b7aea8,0x00000000e3b80000)
  to   space 27136K, 0% used [0x00000000e0c80000,0x00000000e0c80000,0x00000000e2700000)
 ParOldGen       total 143872K, used 39859K [0x0000000081c00000, 0x000000008a880000, 0x00000000d5f00000)
  object space 143872K, 27% used [0x0000000081c00000,0x00000000842ecc30,0x000000008a880000)
 Metaspace       used 60229K, capacity 62120K, committed 62232K, reserved 1103872K
  class space    used 7875K, capacity 8235K, committed 8240K, reserved 1048576K
Event: 20.614 GC heap after
Heap after GC invocations=16 (full 3):
 PSYoungGen      total 204800K, used 27132K [0x00000000d5f00000, 0x00000000e7f00000, 0x0000000100000000)
  eden space 177664K, 0% used [0x00000000d5f00000,0x00000000d5f00000,0x00000000e0c80000)
  from space 27136K, 99% used [0x00000000e0c80000,0x00000000e26ff098,0x00000000e2700000)
  to   space 33280K, 0% used [0x00000000e5e80000,0x00000000e5e80000,0x00000000e7f00000)
 ParOldGen       total 143872K, used 46260K [0x0000000081c00000, 0x000000008a880000, 0x00000000d5f00000)
  object space 143872K, 32% used [0x0000000081c00000,0x000000008492d2d8,0x000000008a880000)
 Metaspace       used 60229K, capacity 62120K, committed 62232K, reserved 1103872K
  class space    used 7875K, capacity 8235K, committed 8240K, reserved 1048576K
}
Event: 21.102 GC heap before
{Heap before GC invocations=17 (full 3):
 PSYoungGen      total 204800K, used 204796K [0x00000000d5f00000, 0x00000000e7f00000, 0x0000000100000000)
  eden space 177664K, 100% used [0x00000000d5f00000,0x00000000e0c80000,0x00000000e0c80000)
  from space 27136K, 99% used [0x00000000e0c80000,0x00000000e26ff098,0x00000000e2700000)
  to   space 33280K, 0% used [0x00000000e5e80000,0x00000000e5e80000,0x00000000e7f00000)
 ParOldGen       total 143872K, used 46260K [0x0000000081c00000, 0x000000008a880000, 0x00000000d5f00000)
  object space 143872K, 32% used [0x0000000081c00000,0x000000008492d2d8,0x000000008a880000)
 Metaspace       used 60229K, capacity 62120K, committed 62232K, reserved 1103872K
  class space    used 7875K, capacity 8235K, committed 8240K, reserved 1048576K
Event: 21.171 GC heap after
Heap after GC invocations=17 (full 3):
 PSYoungGen      total 255488K, used 33259K [0x00000000d5f00000, 0x00000000e9b80000, 0x0000000100000000)
  eden space 222208K, 0% used [0x00000000d5f00000,0x00000000d5f00000,0x00000000e3800000)
  from space 33280K, 99% used [0x00000000e5e80000,0x00000000e7efae58,0x00000000e7f00000)
  to   space 39424K, 0% used [0x00000000e3800000,0x00000000e3800000,0x00000000e5e80000)
 ParOldGen       total 143872K, used 49165K [0x0000000081c00000, 0x000000008a880000, 0x00000000d5f00000)
  object space 143872K, 34% used [0x0000000081c00000,0x0000000084c03468,0x000000008a880000)
 Metaspace       used 60229K, capacity 62120K, committed 62232K, reserved 1103872K
  class space    used 7875K, capacity 8235K, committed 8240K, reserved 1048576K
}

