# JRE version: Java(TM) SE Runtime Environment (8.0_191-b12) (build 1.8.0_191-b12)
# Java VM: Java HotSpot(TM) 64-Bit Server VM (25.191-b12 mixed mode windows-amd64 compressed oops)
Heap:
 PSYoungGen      total 243712K, used 129326K [0x00000000d5f00000, 0x00000000e8b00000, 0x0000000100000000)
  eden space 221184K, 52% used [0x00000000d5f00000,0x00000000dd155a70,0x00000000e3700000)
  from space 22528K, 54% used [0x00000000e3700000,0x00000000e42f5db8,0x00000000e4d00000)
  to   space 22016K, 0% used [0x00000000e7580000,0x00000000e7580000,0x00000000e8b00000)
 ParOldGen       total 113152K, used 87459K [0x0000000081c00000, 0x0000000088a80000, 0x00000000d5f00000)
  object space 113152K, 77% used [0x0000000081c00000,0x0000000087168c30,0x0000000088a80000)
 Metaspace       used 64067K, capacity 66626K, committed 66816K, reserved 1107968K
  class space    used 8416K, capacity 8862K, committed 8960K, reserved 1048576K
GC Heap History (10 events):
Event: 22.866 GC heap before
{Heap before GC invocations=16 (full 3):
 PSYoungGen      total 187904K, used 174592K [0x00000000d5f00000, 0x00000000e2580000, 0x0000000100000000)
  eden space 174592K, 100% used [0x00000000d5f00000,0x00000000e0980000,0x00000000e0980000)
  from space 13312K, 0% used [0x00000000e1880000,0x00000000e1880000,0x00000000e2580000)
  to   space 14336K, 0% used [0x00000000e0980000,0x00000000e0980000,0x00000000e1780000)
 ParOldGen       total 113152K, used 22102K [0x0000000081c00000, 0x0000000088a80000, 0x00000000d5f00000)
  object space 113152K, 19% used [0x0000000081c00000,0x0000000083195b10,0x0000000088a80000)
 Metaspace       used 60041K, capacity 61948K, committed 62080K, reserved 1103872K
  class space    used 7857K, capacity 8235K, committed 8320K, reserved 1048576K
Event: 22.914 GC heap after
Heap after GC invocations=16 (full 3):
 PSYoungGen      total 188928K, used 14331K [0x00000000d5f00000, 0x00000000e6180000, 0x0000000100000000)
  eden space 174592K, 0% used [0x00000000d5f00000,0x00000000d5f00000,0x00000000e0980000)
  from space 14336K, 99% used [0x00000000e0980000,0x00000000e177ee78,0x00000000e1780000)
  to   space 20992K, 0% used [0x00000000e4d00000,0x00000000e4d00000,0x00000000e6180000)
 ParOldGen       total 113152K, used 34186K [0x0000000081c00000, 0x0000000088a80000, 0x00000000d5f00000)
  object space 113152K, 30% used [0x0000000081c00000,0x0000000083d62b00,0x0000000088a80000)
 Metaspace       used 60041K, capacity 61948K, committed 62080K, reserved 1103872K
  class space    used 7857K, capacity 8235K, committed 8320K, reserved 1048576K
}
Event: 25.570 GC heap before
{Heap before GC invocations=17 (full 3):
 PSYoungGen      total 188928K, used 188923K [0x00000000d5f00000, 0x00000000e6180000, 0x0000000100000000)
  eden space 174592K, 100% used [0x00000000d5f00000,0x00000000e0980000,0x00000000e0980000)
  from space 14336K, 99% used [0x00000000e0980000,0x00000000e177ee78,0x00000000e1780000)
  to   space 20992K, 0% used [0x00000000e4d00000,0x00000000e4d00000,0x00000000e6180000)
 ParOldGen       total 113152K, used 34186K [0x0000000081c00000, 0x0000000088a80000, 0x00000000d5f00000)
  object space 113152K, 30% used [0x0000000081c00000,0x0000000083d62b00,0x0000000088a80000)
 Metaspace       used 60044K, capacity 61948K, committed 62080K, reserved 1103872K
  class space    used 7857K, capacity 8235K, committed 8320K, reserved 1048576K
Event: 25.698 GC heap after
Heap after GC invocations=17 (full 3):
 PSYoungGen      total 242176K, used 16464K [0x00000000d5f00000, 0x00000000e6c80000, 0x0000000100000000)
  eden space 221184K, 0% used [0x00000000d5f00000,0x00000000d5f00000,0x00000000e3700000)
  from space 20992K, 78% used [0x00000000e4d00000,0x00000000e5d14070,0x00000000e6180000)
  to   space 22528K, 0% used [0x00000000e3700000,0x00000000e3700000,0x00000000e4d00000)
 ParOldGen       total 113152K, used 48350K [0x0000000081c00000, 0x0000000088a80000, 0x00000000d5f00000)
  object space 113152K, 42% used [0x0000000081c00000,0x0000000084b37958,0x0000000088a80000)
 Metaspace       used 60044K, capacity 61948K, committed 62080K, reserved 1103872K
  class space    used 7857K, capacity 8235K, committed 8320K, reserved 1048576K
}
Event: 28.037 GC heap before
{Heap before GC invocations=18 (full 3):
 PSYoungGen      total 242176K, used 237648K [0x00000000d5f00000, 0x00000000e6c80000, 0x0000000100000000)
  eden space 221184K, 100% used [0x00000000d5f00000,0x00000000e3700000,0x00000000e3700000)
  from space 20992K, 78% used [0x00000000e4d00000,0x00000000e5d14070,0x00000000e6180000)
  to   space 22528K, 0% used [0x00000000e3700000,0x00000000e3700000,0x00000000e4d00000)
 ParOldGen       total 113152K, used 48350K [0x0000000081c00000, 0x0000000088a80000, 0x00000000d5f00000)
  object space 113152K, 42% used [0x0000000081c00000,0x0000000084b37958,0x0000000088a80000)
 Metaspace       used 60269K, capacity 62140K, committed 62336K, reserved 1103872K
  class space    used 7872K, capacity 8235K, committed 8320K, reserved 1048576K
Event: 28.094 GC heap after
Heap after GC invocations=18 (full 3):
 PSYoungGen      total 243712K, used 15324K [0x00000000d5f00000, 0x00000000e6c80000, 0x0000000100000000)
  eden space 221184K, 0% used [0x00000000d5f00000,0x00000000d5f00000,0x00000000e3700000)
  from space 22528K, 68% used [0x00000000e3700000,0x00000000e45f7238,0x00000000e4d00000)
  to   space 20992K, 0% used [0x00000000e4d00000,0x00000000e4d00000,0x00000000e6180000)
 ParOldGen       total 113152K, used 64562K [0x0000000081c00000, 0x0000000088a80000, 0x00000000d5f00000)
  object space 113152K, 57% used [0x0000000081c00000,0x0000000085b0c9f8,0x0000000088a80000)
 Metaspace       used 60269K, capacity 62140K, committed 62336K, reserved 1103872K
  class space    used 7872K, capacity 8235K, committed 8320K, reserved 1048576K
}
Event: 29.675 GC heap before
{Heap before GC invocations=19 (full 3):
 PSYoungGen      total 243712K, used 236508K [0x00000000d5f00000, 0x00000000e6c80000, 0x0000000100000000)
  eden space 221184K, 100% used [0x00000000d5f00000,0x00000000e3700000,0x00000000e3700000)
  from space 22528K, 68% used [0x00000000e3700000,0x00000000e45f7238,0x00000000e4d00000)
  to   space 20992K, 0% used [0x00000000e4d00000,0x00000000e4d00000,0x00000000e6180000)
 ParOldGen       total 113152K, used 64562K [0x0000000081c00000, 0x0000000088a80000, 0x00000000d5f00000)
  object space 113152K, 57% used [0x0000000081c00000,0x0000000085b0c9f8,0x0000000088a80000)
 Metaspace       used 60270K, capacity 62140K, committed 62336K, reserved 1103872K
  class space    used 7872K, capacity 8235K, committed 8320K, reserved 1048576K
Event: 29.718 GC heap after
Heap after GC invocations=19 (full 3):
 PSYoungGen      total 242176K, used 11552K [0x00000000d5f00000, 0x00000000e6c80000, 0x0000000100000000)
  eden space 221184K, 0% used [0x00000000d5f00000,0x00000000d5f00000,0x00000000e3700000)
  from space 20992K, 55% used [0x00000000e4d00000,0x00000000e5848010,0x00000000e6180000)
  to   space 22528K, 0% used [0x00000000e3700000,0x00000000e3700000,0x00000000e4d00000)
 ParOldGen       total 113152K, used 79539K [0x0000000081c00000, 0x0000000088a80000, 0x00000000d5f00000)
  object space 113152K, 70% used [0x0000000081c00000,0x00000000869acc30,0x0000000088a80000)
 Metaspace       used 60270K, capacity 62140K, committed 62336K, reserved 1103872K
  class space    used 7872K, capacity 8235K, committed 8320K, reserved 1048576K
}
Event: 36.110 GC heap before
{Heap before GC invocations=20 (full 3):
 PSYoungGen      total 242176K, used 226301K [0x00000000d5f00000, 0x00000000e6c80000, 0x0000000100000000)
  eden space 221184K, 97% used [0x00000000d5f00000,0x00000000e30b73f8,0x00000000e3700000)
  from space 20992K, 55% used [0x00000000e4d00000,0x00000000e5848010,0x00000000e6180000)
  to   space 22528K, 0% used [0x00000000e3700000,0x00000000e3700000,0x00000000e4d00000)
 ParOldGen       total 113152K, used 79539K [0x0000000081c00000, 0x0000000088a80000, 0x00000000d5f00000)
  object space 113152K, 70% used [0x0000000081c00000,0x00000000869acc30,0x0000000088a80000)
 Metaspace       used 63827K, capacity 66286K, committed 66432K, reserved 1107968K
  class space    used 8399K, capacity 8822K, committed 8832K, reserved 1048576K
Event: 36.138 GC heap after
Heap after GC invocations=20 (full 3):
 PSYoungGen      total 243712K, used 12247K [0x00000000d5f00000, 0x00000000e8b00000, 0x0000000100000000)
  eden space 221184K, 0% used [0x00000000d5f00000,0x00000000d5f00000,0x00000000e3700000)
  from space 22528K, 54% used [0x00000000e3700000,0x00000000e42f5db8,0x00000000e4d00000)
  to   space 22016K, 0% used [0x00000000e7580000,0x00000000e7580000,0x00000000e8b00000)
 ParOldGen       total 113152K, used 87459K [0x0000000081c00000, 0x0000000088a80000, 0x00000000d5f00000)
  object space 113152K, 77% used [0x0000000081c00000,0x0000000087168c30,0x0000000088a80000)
 Metaspace       used 63827K, capacity 66286K, committed 66432K, reserved 1107968K
  class space    used 8399K, capacity 8822K, committed 8832K, reserved 1048576K
}

